
> future-self-messenger@1.0.0 dev
> next dev

  ▲ Next.js 14.2.5
  - Local:        http://localhost:3000
  - Environments: .env

 ✓ Starting...
 ✓ Ready in 1370ms
 ✓ Compiled /src/middleware in 335ms (123 modules)
 ○ Compiling /login ...
 ✓ Compiled /login in 1200ms (603 modules)
 GET /login 200 in 1311ms
<w> [webpack.cache.PackFileCacheStrategy] Serializing big strings (133kiB) impacts deserialization performance (consider using Buffer instead and decode when needed)
 ✓ Compiled /signup in 147ms (595 modules)
 ○ Compiling /api/cron/deliver ...
 ✓ Compiled /api/cron/deliver in 603ms (430 modules)
 GET /api/cron/deliver 403 in 738ms
[email] error: {
  statusCode: 403,
  message: 'The melealunau.resend.app domain is not verified. Please, add and verify your domain on https://resend.com/domains',
  name: 'validation_error'
}
[cron] done — delivered:1 failed:0 emailed:0 time:1404ms
 GET /api/cron/deliver 200 in 1411ms
 ✓ Compiled in 154ms (294 modules)
 ✓ Compiled /api/cron/deliver in 106ms (430 modules)
[email] error: {
  statusCode: 403,
  message: 'The melealunau.resend.app domain is not verified. Please, add and verify your domain on https://resend.com/domains',
  name: 'validation_error'
}
[cron] done — delivered:1 failed:0 emailed:0 time:1592ms
 GET /api/cron/deliver 200 in 1736ms
 ✓ Compiled in 420ms (294 modules)
